<?xml version="1.0" encoding="utf-8"?><testsuites name="pytest tests"><testsuite name="pytest" errors="0" failures="0" skipped="0" tests="12" time="4.163" timestamp="2026-08-17T19:40:15.656925+00:00" hostname="agent-env-59935a3b-c5be-4ba5-85bf-6225231379df"><testcase classname="tests.test_business_tools.TestPreviewRead" name="test_check_availability_returns_mock_data" time="1.870" /><testcase classname="tests.test_business_tools.TestTenantListing" name="test_integrations_systems_shape" time="1.941" /><testcase classname="tests.test_business_tools.TestPreviewRead" name="test_disabled_tool_preview_returns_disabled" time="0.073" /><testcase classname="tests.test_business_tools.TestTenantListing" name="test_tools_availability" time="0.081" /><testcase classname="tests.test_business_tools.TestNeverFakeLive" name="test_live_mode_returns_unavailable" time="0.608" /><testcase classname="tests.test_business_tools.TestToolIsolation" name="test_leela_cannot_see_taj_tools" time="0.623" /><testcase classname="tests.test_business_tools.TestToolIsolation" name="test_leela_preview_taj_tool_404" time="0.131" /><testcase classname="tests.test_business_tools.TestNeverFakeLive" name="test_not_connected_returns_unavailable" time="0.251" /><testcase classname="tests.test_business_tools.TestAdminCRUD" name="test_tenant_detail_includes_integrations_tools" time="0.087" /><testcase classname="tests.test_business_tools.TestAdminCRUD" name="test_create_integration_and_tools" time="0.555" /><testcase classname="tests.test_business_tools.TestActionSafety" name="test_action_requires_confirmation_then_ok" time="0.396" /><testcase classname="tests.test_business_tools.TestSimulateCallDataMode" name="test_simulate_call_returns_mock_datamode" time="0.351" /></testsuite></testsuites>