<?xml version="1.0" encoding="utf-8"?><testsuites name="pytest tests"><testsuite name="pytest" errors="0" failures="0" skipped="0" tests="54" time="20.187" timestamp="2026-08-18T06:29:36.287350+00:00" hostname="agent-env-59935a3b-c5be-4ba5-85bf-6225231379df"><testcase classname="tests.backend_test.TestAuth" name="test_admin_login_me" time="0.602" /><testcase classname="tests.backend_test.TestAuth" name="test_taj_owner_login_me" time="0.401" /><testcase classname="tests.backend_test.TestAuth" name="test_logout" time="0.445" /><testcase classname="tests.backend_test.TestAuth" name="test_register_creates_tenant" time="0.367" /><testcase classname="tests.backend_test.TestAuth" name="test_register_duplicate_email" time="0.116" /><testcase classname="tests.backend_test.TestAuth" name="test_unauthenticated_protected" time="0.327" /><testcase classname="tests.backend_test.TestAuthorization" name="test_admin_cannot_use_tenant_endpoints" time="0.369" /><testcase classname="tests.backend_test.TestAuthorization" name="test_tenant_cannot_use_admin_endpoints" time="0.408" /><testcase classname="tests.backend_test.TestTenantIsolation" name="test_taj_only_sees_own_conversations" time="0.372" /><testcase classname="tests.backend_test.TestTenantIsolation" name="test_leela_cannot_access_taj_conversation" time="0.817" /><testcase classname="tests.backend_test.TestWebhook" name="test_valid_signature_ingests" time="0.645" /><testcase classname="tests.backend_test.TestWebhook" name="test_unknown_agent_quarantined" time="0.496" /><testcase classname="tests.backend_test.TestWebhook" name="test_invalid_signature" time="0.143" /><testcase classname="tests.backend_test.TestWebhook" name="test_missing_signature" time="0.106" /><testcase classname="tests.backend_test.TestAdminConsole" name="test_stats_and_tenants" time="0.447" /><testcase classname="tests.backend_test.TestAdminConsole" name="test_create_tenant_then_ai_employee_lifecycle" time="1.103" /><testcase classname="tests.backend_test.TestAdminConsole" name="test_customization_requests_list_and_update" time="0.480" /><testcase classname="tests.backend_test.TestTenantDashboard" name="test_overview" time="0.369" /><testcase classname="tests.backend_test.TestTenantDashboard" name="test_ai_employees_no_config_ref" time="0.507" /><testcase classname="tests.backend_test.TestTenantDashboard" name="test_channels_include_assigned_name" time="0.407" /><testcase classname="tests.backend_test.TestTenantDashboard" name="test_simulate_call_creates_conversation" time="0.512" /><testcase classname="tests.backend_test.TestTenantDashboard" name="test_conversation_detail_includes_transcript" time="0.590" /><testcase classname="tests.backend_test.TestTenantDashboard" name="test_customization_request_create" time="0.397" /><testcase classname="tests.backend_test.TestTenantDashboard" name="test_profile_update_whitelisted" time="0.429" /><testcase classname="tests.test_business_tools.TestTenantListing" name="test_integrations_systems_shape" time="0.728" /><testcase classname="tests.test_business_tools.TestTenantListing" name="test_tools_availability" time="0.059" /><testcase classname="tests.test_business_tools.TestPreviewRead" name="test_check_availability_returns_mock_data" time="0.062" /><testcase classname="tests.test_business_tools.TestPreviewRead" name="test_disabled_tool_preview_returns_disabled" time="0.059" /><testcase classname="tests.test_business_tools.TestActionSafety" name="test_action_requires_confirmation_then_ok" time="0.248" /><testcase classname="tests.test_business_tools.TestNeverFakeLive" name="test_live_mode_returns_unavailable" time="0.266" /><testcase classname="tests.test_business_tools.TestNeverFakeLive" name="test_not_connected_returns_unavailable" time="0.180" /><testcase classname="tests.test_business_tools.TestToolIsolation" name="test_leela_cannot_see_taj_tools" time="0.392" /><testcase classname="tests.test_business_tools.TestToolIsolation" name="test_leela_preview_taj_tool_404" time="0.056" /><testcase classname="tests.test_business_tools.TestAdminCRUD" name="test_tenant_detail_includes_integrations_tools" time="0.063" /><testcase classname="tests.test_business_tools.TestAdminCRUD" name="test_create_integration_and_tools" time="0.296" /><testcase classname="tests.test_business_tools.TestSimulateCallDataMode" name="test_simulate_call_returns_mock_datamode" time="2.296" /><testcase classname="tests.test_production_billing.TestRegression" name="test_admins_and_owners_login" time="1.519" /><testcase classname="tests.test_production_billing.TestRegression" name="test_leela_cannot_read_taj_conv" time="0.791" /><testcase classname="tests.test_production_billing.TestProductionDemoSeparation" name="test_demo_preview_returns_mock" time="0.110" /><testcase classname="tests.test_production_billing.TestProductionDemoSeparation" name="test_production_blocks_mock_and_simulate" time="0.179" /><testcase classname="tests.test_production_billing.TestProductionDemoSeparation" name="test_reset_to_demo_restores_mock" time="0.119" /><testcase classname="tests.test_production_billing.TestActionSafety" name="test_disabled_action_tool" time="0.111" /><testcase classname="tests.test_production_billing.TestActionSafety" name="test_action_requires_confirmation_then_ok" time="0.217" /><testcase classname="tests.test_production_billing.TestProvisioning" name="test_provisioning_status" time="0.063" /><testcase classname="tests.test_production_billing.TestProvisioning" name="test_verify_voice_credentials_required" time="0.063" /><testcase classname="tests.test_production_billing.TestProvisioning" name="test_verify_telephony_credentials_required" time="0.062" /><testcase classname="tests.test_production_billing.TestKnowledgeBase" name="test_update_and_expose_to_tenant" time="0.119" /><testcase classname="tests.test_production_billing.TestOperations" name="test_operations_rows" time="0.069" /><testcase classname="tests.test_production_billing.TestBilling" name="test_pricing_get_put" time="0.123" /><testcase classname="tests.test_production_billing.TestBilling" name="test_generate_and_issue_invoice_demo" time="0.249" /><testcase classname="tests.test_production_billing.TestBilling" name="test_tenant_billing_view_no_internal" time="0.059" /><testcase classname="tests.test_production_billing.TestBilling" name="test_pay_demo_invoice_400" time="0.099" /><testcase classname="tests.test_production_billing.TestRazorpayGuarded" name="test_pay_production_due_invoice_returns_payment_config_required" time="0.310" /><testcase classname="tests.test_production_billing.TestReadiness" name="test_taj_readiness" time="0.233" /></testsuite></testsuites>