<?xml version="1.0" encoding="utf-8"?><testsuites name="pytest tests"><testsuite name="pytest" errors="0" failures="0" skipped="0" tests="18" time="4.541" timestamp="2026-08-18T06:25:44.905453+00:00" hostname="agent-env-59935a3b-c5be-4ba5-85bf-6225231379df"><testcase classname="tests.test_production_billing.TestRegression" name="test_admins_and_owners_login" time="1.578" /><testcase classname="tests.test_production_billing.TestRegression" name="test_leela_cannot_read_taj_conv" time="0.793" /><testcase classname="tests.test_production_billing.TestProductionDemoSeparation" name="test_demo_preview_returns_mock" time="0.116" /><testcase classname="tests.test_production_billing.TestProductionDemoSeparation" name="test_production_blocks_mock_and_simulate" time="0.165" /><testcase classname="tests.test_production_billing.TestProductionDemoSeparation" name="test_reset_to_demo_restores_mock" time="0.106" /><testcase classname="tests.test_production_billing.TestActionSafety" name="test_disabled_action_tool" time="0.108" /><testcase classname="tests.test_production_billing.TestActionSafety" name="test_action_requires_confirmation_then_ok" time="0.215" /><testcase classname="tests.test_production_billing.TestProvisioning" name="test_provisioning_status" time="0.049" /><testcase classname="tests.test_production_billing.TestProvisioning" name="test_verify_voice_credentials_required" time="0.046" /><testcase classname="tests.test_production_billing.TestProvisioning" name="test_verify_telephony_credentials_required" time="0.148" /><testcase classname="tests.test_production_billing.TestKnowledgeBase" name="test_update_and_expose_to_tenant" time="0.121" /><testcase classname="tests.test_production_billing.TestOperations" name="test_operations_rows" time="0.049" /><testcase classname="tests.test_production_billing.TestBilling" name="test_pricing_get_put" time="0.098" /><testcase classname="tests.test_production_billing.TestBilling" name="test_generate_and_issue_invoice_demo" time="0.201" /><testcase classname="tests.test_production_billing.TestBilling" name="test_tenant_billing_view_no_internal" time="0.062" /><testcase classname="tests.test_production_billing.TestBilling" name="test_pay_demo_invoice_400" time="0.122" /><testcase classname="tests.test_production_billing.TestRazorpayGuarded" name="test_pay_production_due_invoice_returns_payment_config_required" time="0.267" /><testcase classname="tests.test_production_billing.TestReadiness" name="test_taj_readiness" time="0.203" /></testsuite></testsuites>