<?xml version="1.0" encoding="utf-8"?><testsuites name="pytest tests"><testsuite name="pytest" errors="0" failures="0" skipped="0" tests="24" time="9.797" timestamp="2026-08-17T18:51:01.126913+00:00" hostname="agent-env-59935a3b-c5be-4ba5-85bf-6225231379df"><testcase classname="tests.backend_test.TestAuth" name="test_admin_login_me" time="0.965" /><testcase classname="tests.backend_test.TestTenantDashboard" name="test_overview" time="1.059" /><testcase classname="tests.backend_test.TestAuth" name="test_taj_owner_login_me" time="0.632" /><testcase classname="tests.backend_test.TestTenantDashboard" name="test_ai_employees_no_config_ref" time="0.632" /><testcase classname="tests.backend_test.TestAuth" name="test_logout" time="0.739" /><testcase classname="tests.backend_test.TestTenantDashboard" name="test_channels_include_assigned_name" time="0.581" /><testcase classname="tests.backend_test.TestTenantDashboard" name="test_simulate_call_creates_conversation" time="0.813" /><testcase classname="tests.backend_test.TestAuth" name="test_register_creates_tenant" time="0.726" /><testcase classname="tests.backend_test.TestAuth" name="test_register_duplicate_email" time="0.132" /><testcase classname="tests.backend_test.TestTenantDashboard" name="test_conversation_detail_includes_transcript" time="0.606" /><testcase classname="tests.backend_test.TestAuth" name="test_unauthenticated_protected" time="0.866" /><testcase classname="tests.backend_test.TestTenantDashboard" name="test_customization_request_create" time="0.444" /><testcase classname="tests.backend_test.TestWebhook" name="test_valid_signature_ingests" time="1.082" /><testcase classname="tests.backend_test.TestTenantDashboard" name="test_profile_update_whitelisted" time="0.611" /><testcase classname="tests.backend_test.TestAdminConsole" name="test_stats_and_tenants" time="0.590" /><testcase classname="tests.backend_test.TestWebhook" name="test_unknown_agent_quarantined" time="0.863" /><testcase classname="tests.backend_test.TestAdminConsole" name="test_create_tenant_then_ai_employee_lifecycle" time="2.090" /><testcase classname="tests.backend_test.TestWebhook" name="test_invalid_signature" time="0.297" /><testcase classname="tests.backend_test.TestWebhook" name="test_missing_signature" time="0.206" /><testcase classname="tests.backend_test.TestTenantIsolation" name="test_taj_only_sees_own_conversations" time="0.435" /><testcase classname="tests.backend_test.TestTenantIsolation" name="test_leela_cannot_access_taj_conversation" time="1.118" /><testcase classname="tests.backend_test.TestAdminConsole" name="test_customization_requests_list_and_update" time="0.723" /><testcase classname="tests.backend_test.TestAuthorization" name="test_admin_cannot_use_tenant_endpoints" time="0.528" /><testcase classname="tests.backend_test.TestAuthorization" name="test_tenant_cannot_use_admin_endpoints" time="0.462" /></testsuite></testsuites>